{"C:\\Users\\ryan2\\coder-academy\\js\\T2W7\\31-5-18 thursday modules js\\tddcalc\\calculator.js": {"path":"C:\\Users\\ryan2\\coder-academy\\js\\T2W7\\31-5-18 thursday modules js\\tddcalc\\calculator.js","statementMap":{"0":{"start":{"line":11,"column":17},"end":{"line":11,"column":18}},"1":{"start":{"line":12,"column":4},"end":{"line":12,"column":38}},"2":{"start":{"line":12,"column":24},"end":{"line":12,"column":37}},"3":{"start":{"line":13,"column":4},"end":{"line":13,"column":17}},"4":{"start":{"line":21,"column":4},"end":{"line":21,"column":16}},"5":{"start":{"line":25,"column":4},"end":{"line":25,"column":16}},"6":{"start":{"line":50,"column":0},"end":{"line":50,"column":31}}},"fnMap":{"0":{"name":"(anonymous_0)","decl":{"start":{"line":10,"column":2},"end":{"line":10,"column":3}},"loc":{"start":{"line":10,"column":15},"end":{"line":14,"column":3}},"line":10},"1":{"name":"(anonymous_1)","decl":{"start":{"line":12,"column":17},"end":{"line":12,"column":18}},"loc":{"start":{"line":12,"column":24},"end":{"line":12,"column":37}},"line":12},"2":{"name":"(anonymous_2)","decl":{"start":{"line":20,"column":2},"end":{"line":20,"column":3}},"loc":{"start":{"line":20,"column":17},"end":{"line":22,"column":3}},"line":20},"3":{"name":"(anonymous_3)","decl":{"start":{"line":24,"column":2},"end":{"line":24,"column":3}},"loc":{"start":{"line":24,"column":15},"end":{"line":26,"column":3}},"line":24}},"branchMap":{},"s":{"0":4,"1":4,"2":6,"3":4,"4":1,"5":1,"6":1},"f":{"0":4,"1":6,"2":1,"3":1},"b":{},"_coverageSchema":"332fd63041d2c1bcb487cc26dd0d5f7d97098a6c","hash":"e4e98d7b7bcc1eac080f4ee69dede0ae2344c04f"}
}
